<?xml version="1.0" encoding="UTF-8"?>
<!-- Generated by org.testng.reporters.JUnitXMLReporter -->
<testsuite ignored="0" hostname="DESKTOP-O9GM8A3" failures="0" tests="4" name="Ecommerce Test" time="65.969" errors="0" timestamp="2024-07-20T23:09:48 IST">
  <testcase classname="automationTest.EcommerceTestExcel" name="ecommerceTestExcel" time="3.982"/>
  <testcase classname="automationTest.EcommerceTestExcel" name="ecommerceTestExcel" time="15.142"/>
  <testcase classname="automationTest.EcommerceTestJson" name="ecommerceTestJson" time="15.031"/>
  <testcase classname="automationTest.EcommerceTestJson" name="ecommerceTestJson" time="15.145"/>
</testsuite> <!-- Ecommerce Test -->
