<?xml version="1.0" encoding="UTF-8"?>
<!-- Generated by org.testng.reporters.JUnitXMLReporter -->
<testsuite ignored="0" hostname="DESKTOP-O9GM8A3" failures="0" tests="5" name="Test" time="43.306" errors="0" timestamp="2024-07-14T13:06:47 IST">
  <testcase classname="automationTest.EcommerceTest" name="ecommerceTest" time="0.783"/>
  <testcase classname="automationTest.EcommerceTest" name="ecommerceTest" time="10.232"/>
  <testcase classname="automationTest.EcommerceTest" name="ecommerceTest" time="10.118"/>
  <testcase classname="automationTest.EcommerceTest" name="ecommerceTest" time="10.067"/>
  <testcase classname="automationTest.EcommerceTest" name="ecommerceTest" time="10.101"/>
</testsuite> <!-- Test -->
